================================================================
======== txAdmin v8.0.1 atop fxserver 25770 Starting - 21/4/2569 10:08:56
================================================================
================================================================
======== Log Rotated - 21/4/2569 10:08:58                       
================================================================
[10:11:11][Watcharapong_Soponpa] logged in from 127.0.0.1 via cfxre
[10:11:22][Watcharapong_Soponpa] [Watcharapong_Soponpa] executed "ensure connecting"
[10:12:37][Watcharapong_Soponpa] [Watcharapong_Soponpa] executed "ensure connecting"
[10:12:52][Watcharapong_Soponpa] [Watcharapong_Soponpa] executed "refresh"
[10:12:53][Watcharapong_Soponpa] [Watcharapong_Soponpa] executed "ensure core"
[10:12:54][Watcharapong_Soponpa] [Watcharapong_Soponpa] executed "refresh"
[10:12:55][Watcharapong_Soponpa] [Watcharapong_Soponpa] executed "ensure connecting"
[10:13:15][Watcharapong_Soponpa] [Watcharapong_Soponpa] executed "ensure connecting"
================================================================
======== txAdmin v8.0.1 atop fxserver 25770 Starting - 21/4/2569 10:13:54
================================================================
[10:14:22][Watcharapong_Soponpa] logged in from 127.0.0.1 via cfxre
[10:14:38][Watcharapong_Soponpa] [Watcharapong_Soponpa] executed "ensure connecting"
[10:14:40][Watcharapong_Soponpa] [Watcharapong_Soponpa] executed "ensure core"
[10:14:43][Watcharapong_Soponpa] [Watcharapong_Soponpa] executed "ensure connecting"
[10:14:56][Watcharapong_Soponpa] [Watcharapong_Soponpa] executed "ensure connecting"
[10:15:21][Watcharapong_Soponpa] [Watcharapong_Soponpa] executed "ensure connecting"
[10:15:36][Watcharapong_Soponpa] [Watcharapong_Soponpa] executed "ensure core"
[10:15:36][Watcharapong_Soponpa] [Watcharapong_Soponpa] executed "ensure connecting"
[10:15:52][Watcharapong_Soponpa] [Watcharapong_Soponpa] executed "ensure connecting"
[10:16:05][Watcharapong_Soponpa] [Watcharapong_Soponpa] executed "ensure connecting"
[10:16:06][Watcharapong_Soponpa] [Watcharapong_Soponpa] executed "ensure core"
[10:16:11][Watcharapong_Soponpa] [Watcharapong_Soponpa] executed "ensure core"
[10:18:39][Watcharapong_Soponpa] [Watcharapong_Soponpa] executed "refresh"
[10:18:41][Watcharapong_Soponpa] [Watcharapong_Soponpa] executed "ensure core"
[10:18:50][Watcharapong_Soponpa] [Watcharapong_Soponpa] executed "ensure core"
[10:19:22][Watcharapong_Soponpa] [Watcharapong_Soponpa] executed "ensure core"
[10:19:25][Watcharapong_Soponpa] [Watcharapong_Soponpa] executed "refresh"
[10:19:26][Watcharapong_Soponpa] [Watcharapong_Soponpa] executed "ensure connecting"
[10:19:31][Watcharapong_Soponpa] [Watcharapong_Soponpa] executed "ensure core"
[10:19:32][Watcharapong_Soponpa] [Watcharapong_Soponpa] executed "ensure connecting"
[10:23:20][Watcharapong_Soponpa] [Watcharapong_Soponpa] executed "ensure core"
[10:23:20][Watcharapong_Soponpa] [Watcharapong_Soponpa] executed "ensure connecting"
[10:27:18][Watcharapong_Soponpa] [Watcharapong_Soponpa] executed "refresh"
[10:27:22][Watcharapong_Soponpa] [Watcharapong_Soponpa] executed "stop connecting"
[10:27:26][Watcharapong_Soponpa] [Watcharapong_Soponpa] executed "ensure core"
[10:27:29][Watcharapong_Soponpa] [Watcharapong_Soponpa] executed "refresh"
[10:27:29][Watcharapong_Soponpa] [Watcharapong_Soponpa] executed "ensure core"
================================================================
======== txAdmin v8.0.1 atop fxserver 25770 Starting - 21/4/2569 13:57:52
================================================================
[13:58:03][Watcharapong_Soponpa] logged in from 127.0.0.1 via cfxre
[14:01:41][Watcharapong_Soponpa] [Watcharapong_Soponpa] executed "ensure core"
[14:04:06][Watcharapong_Soponpa] [Watcharapong_Soponpa] executed "ensure core"
[14:06:05][Watcharapong_Soponpa] [Watcharapong_Soponpa] executed "ensure core"
[14:06:51][Watcharapong_Soponpa] [Watcharapong_Soponpa] executed "ensure core"
[14:09:56][Watcharapong_Soponpa] [Watcharapong_Soponpa] executed "ensure core"
[14:11:21][Watcharapong_Soponpa] [Watcharapong_Soponpa] executed "ensure core"
[14:13:23][Watcharapong_Soponpa] [Watcharapong_Soponpa] executed "ensure core"
[14:16:32][Watcharapong_Soponpa] [Watcharapong_Soponpa] executed "ensure core"
[14:19:20][Watcharapong_Soponpa] [Watcharapong_Soponpa] executed "ensure core"
[14:24:48][Watcharapong_Soponpa] [Watcharapong_Soponpa] executed "ensure core"
