================================================================
======== txAdmin v8.0.1 atop fxserver 25770 Starting - 24/4/2569 13:57:36
================================================================
================================================================
======== Log Rotated - 24/4/2569 13:57:37                       
================================================================
[13:59:13][Watcharapong_Soponpa] logged in from 127.0.0.1 via cfxre
[13:59:18][Watcharapong_Soponpa] Ensured resource "ox_lib"
[13:59:20][Watcharapong_Soponpa] Ensured resource "core"
[14:01:31][Watcharapong_Soponpa] [Watcharapong_Soponpa] executed "ensure core"
[14:02:18][Watcharapong_Soponpa] [Watcharapong_Soponpa] executed "refresh"
[14:02:18][Watcharapong_Soponpa] [Watcharapong_Soponpa] executed "ensure core"
[14:04:01][Watcharapong_Soponpa] [Watcharapong_Soponpa] executed "ensure core"
[14:04:04][Watcharapong_Soponpa] [Watcharapong_Soponpa] executed "ensure core"
[14:05:44][Watcharapong_Soponpa] [Watcharapong_Soponpa] executed "ensure core"
[14:05:54][Watcharapong_Soponpa] [Watcharapong_Soponpa] executed "ensure core"
[14:09:19][Watcharapong_Soponpa] [Watcharapong_Soponpa] executed "ensure core"
[14:10:07][Watcharapong_Soponpa] [Watcharapong_Soponpa] executed "ensure core"
[14:10:27][Watcharapong_Soponpa] [Watcharapong_Soponpa] executed "ensure core"
[14:10:32][Watcharapong_Soponpa] [Watcharapong_Soponpa] executed "refresh"
[14:10:33][Watcharapong_Soponpa] [Watcharapong_Soponpa] executed "ensure core"
[14:11:30][Watcharapong_Soponpa] [Watcharapong_Soponpa] executed "ensure core"
[14:11:37][Watcharapong_Soponpa] [Watcharapong_Soponpa] executed "ensure core"
[14:11:55][Watcharapong_Soponpa] [Watcharapong_Soponpa] executed "ensure core"
[14:11:58][Watcharapong_Soponpa] [Watcharapong_Soponpa] executed "refresh"
[14:12:00][Watcharapong_Soponpa] [Watcharapong_Soponpa] executed "ensure core"
================================================================
======== txAdmin v8.0.1 atop fxserver 25770 Starting - 24/4/2569 14:57:51
================================================================
[14:58:23][Watcharapong_Soponpa] logged in from 127.0.0.1 via cfxre
[14:58:37][Watcharapong_Soponpa] [Watcharapong_Soponpa] executed "ensure core"
[14:59:01][Watcharapong_Soponpa] [Watcharapong_Soponpa] executed "refresh"
[14:59:02][Watcharapong_Soponpa] [Watcharapong_Soponpa] executed "ensure core"
[14:59:04][Watcharapong_Soponpa] [Watcharapong_Soponpa] executed "ensure core"
[14:59:06][Watcharapong_Soponpa] [Watcharapong_Soponpa] executed "refresh"
[14:59:07][Watcharapong_Soponpa] [Watcharapong_Soponpa] executed "ensure core"
[15:02:19][Watcharapong_Soponpa] [Watcharapong_Soponpa] executed "ensure core"
[15:03:09][Watcharapong_Soponpa] [Watcharapong_Soponpa] executed "refresh"
[15:03:09][Watcharapong_Soponpa] [Watcharapong_Soponpa] executed "ensure core"
[15:05:27][Watcharapong_Soponpa] [Watcharapong_Soponpa] executed "ensure core"
[15:08:45][Watcharapong_Soponpa] [Watcharapong_Soponpa] executed "ensure core"
[15:24:35][Watcharapong_Soponpa] [Watcharapong_Soponpa] executed "ensure core"
[15:24:40][Watcharapong_Soponpa] [Watcharapong_Soponpa] executed "ensure db_manager"
[15:24:42][Watcharapong_Soponpa] [Watcharapong_Soponpa] executed "ensure core"
[15:24:48][Watcharapong_Soponpa] [Watcharapong_Soponpa] executed "ensure core"
[15:24:56][Watcharapong_Soponpa] [Watcharapong_Soponpa] executed "ensure db_manager"
[15:25:01][Watcharapong_Soponpa] [Watcharapong_Soponpa] executed "refresh"
[15:25:03][Watcharapong_Soponpa] [Watcharapong_Soponpa] executed "ensure db_manager"
[15:25:04][Watcharapong_Soponpa] [Watcharapong_Soponpa] executed "ensure core"
[15:25:44][Watcharapong_Soponpa] [Watcharapong_Soponpa] executed "RESTART SERVER"
[15:28:56][Watcharapong_Soponpa] [Watcharapong_Soponpa] executed "ensure core"
[15:29:31][Watcharapong_Soponpa] [Watcharapong_Soponpa] executed "stop core"
[15:29:33][Watcharapong_Soponpa] [Watcharapong_Soponpa] executed "start core"
[15:29:37][Watcharapong_Soponpa] [Watcharapong_Soponpa] executed "stop core"
[15:29:40][Watcharapong_Soponpa] [Watcharapong_Soponpa] executed "start core"
[15:37:23][Watcharapong_Soponpa] [Watcharapong_Soponpa] executed "start core"
[15:37:25][Watcharapong_Soponpa] [Watcharapong_Soponpa] executed "ensure core"
[15:38:14][Watcharapong_Soponpa] [Watcharapong_Soponpa] executed "ensure core"
[15:54:52][Watcharapong_Soponpa] [Watcharapong_Soponpa] executed "refresh"
[15:54:53][Watcharapong_Soponpa] [Watcharapong_Soponpa] executed "ensure core"
[15:55:50][Watcharapong_Soponpa] [Watcharapong_Soponpa] executed "refresh"
[15:55:51][Watcharapong_Soponpa] [Watcharapong_Soponpa] executed "ensure core"
[18:03:42][Watcharapong_Soponpa] [Watcharapong_Soponpa] executed "RESTART SERVER"
[18:04:19][Watcharapong_Soponpa] [Watcharapong_Soponpa] executed "refresh"
================================================================
======== txAdmin v8.0.1 atop fxserver 25770 Starting - 24/4/2569 22:15:02
================================================================
[22:17:43][Watcharapong_Soponpa] logged in from 127.0.0.1 via cfxre
================================================================
======== txAdmin v8.0.1 atop fxserver 25770 Starting - 24/4/2569 22:34:03
================================================================
================================================================
======== txAdmin v8.0.1 atop fxserver 25770 Starting - 24/4/2569 22:42:37
================================================================
