================================================================
======== txAdmin v8.0.1 atop fxserver 25770 Starting - 18/4/2569 00:03:38
================================================================
================================================================
======== Log Rotated - 18/4/2569 00:03:39                       
================================================================
================================================================
======== txAdmin v8.0.1 atop fxserver 25770 Starting - 18/4/2569 00:04:17
================================================================
================================================================
======== txAdmin v8.0.1 atop fxserver 25770 Starting - 18/4/2569 00:05:30
================================================================
================================================================
======== txAdmin v8.0.1 atop fxserver 25770 Starting - 18/4/2569 00:21:45
================================================================
================================================================
======== txAdmin v8.0.1 atop fxserver 25770 Starting - 18/4/2569 00:22:05
================================================================
================================================================
======== txAdmin v8.0.1 atop fxserver 25770 Starting - 18/4/2569 00:22:57
================================================================
================================================================
======== txAdmin v8.0.1 atop fxserver 25770 Starting - 18/4/2569 00:24:30
================================================================
================================================================
======== txAdmin v8.0.1 atop fxserver 25770 Starting - 18/4/2569 00:25:46
================================================================
================================================================
======== txAdmin v8.0.1 atop fxserver 25770 Starting - 18/4/2569 00:26:03
================================================================
================================================================
======== txAdmin v8.0.1 atop fxserver 25770 Starting - 18/4/2569 00:26:26
================================================================
================================================================
======== txAdmin v8.0.1 atop fxserver 25770 Starting - 18/4/2569 00:26:36
================================================================
================================================================
======== txAdmin v8.0.1 atop fxserver 25770 Starting - 18/4/2569 00:30:00
================================================================
================================================================
======== txAdmin v8.0.1 atop fxserver 25770 Starting - 18/4/2569 00:30:58
================================================================
================================================================
======== txAdmin v8.0.1 atop fxserver 25770 Starting - 18/4/2569 00:31:53
================================================================
================================================================
======== txAdmin v8.0.1 atop fxserver 25770 Starting - 18/4/2569 00:33:22
================================================================
================================================================
======== txAdmin v8.0.1 atop fxserver 25770 Starting - 18/4/2569 01:08:34
================================================================
================================================================
======== txAdmin v8.0.1 atop fxserver 25770 Starting - 18/4/2569 01:09:27
================================================================
================================================================
======== txAdmin v8.0.1 atop fxserver 25770 Starting - 18/4/2569 01:13:13
================================================================
================================================================
======== txAdmin v8.0.1 atop fxserver 25770 Starting - 18/4/2569 01:13:56
================================================================
================================================================
======== txAdmin v8.0.1 atop fxserver 25770 Starting - 18/4/2569 01:14:30
================================================================
================================================================
======== txAdmin v8.0.1 atop fxserver 25770 Starting - 18/4/2569 01:17:27
================================================================
================================================================
======== txAdmin v8.0.1 atop fxserver 25770 Starting - 18/4/2569 01:18:21
================================================================
================================================================
======== txAdmin v8.0.1 atop fxserver 25770 Starting - 18/4/2569 01:39:42
================================================================
================================================================
======== txAdmin v8.0.1 atop fxserver 25770 Starting - 18/4/2569 01:41:05
================================================================
================================================================
======== txAdmin v8.0.1 atop fxserver 25770 Starting - 18/4/2569 01:41:20
================================================================
================================================================
======== txAdmin v8.0.1 atop fxserver 25770 Starting - 18/4/2569 01:43:17
================================================================
================================================================
======== txAdmin v8.0.1 atop fxserver 25770 Starting - 18/4/2569 01:43:31
================================================================
================================================================
======== txAdmin v8.0.1 atop fxserver 25770 Starting - 18/4/2569 13:01:44
================================================================
================================================================
======== txAdmin v8.0.1 atop fxserver 25770 Starting - 18/4/2569 13:02:05
================================================================
[13:03:11][Watcharapong_Soponpa] logged in from 127.0.0.1 via cfxre
[13:03:17][Watcharapong_Soponpa] [Watcharapong_Soponpa] executed "ensure mg_core"
================================================================
======== txAdmin v8.0.1 atop fxserver 25770 Starting - 18/4/2569 13:10:17
================================================================
[13:10:32][Watcharapong_Soponpa] logged in from 127.0.0.1 via cfxre
[13:10:37][Watcharapong_Soponpa] [Watcharapong_Soponpa] executed "ensure mg_core"
================================================================
======== txAdmin v8.0.1 atop fxserver 25770 Starting - 18/4/2569 17:05:37
================================================================
================================================================
======== txAdmin v8.0.1 atop fxserver 25770 Starting - 18/4/2569 17:05:49
================================================================
================================================================
======== txAdmin v8.0.1 atop fxserver 25770 Starting - 18/4/2569 17:10:06
================================================================
[17:10:19][Watcharapong_Soponpa] logged in from 127.0.0.1 via cfxre
[17:10:24][Watcharapong_Soponpa] [Watcharapong_Soponpa] executed "debugfull"
[17:11:09][Watcharapong_Soponpa] [Watcharapong_Soponpa] executed "debugfull"
[17:11:42][Watcharapong_Soponpa] [Watcharapong_Soponpa] executed "debugstate"
[17:12:20][Watcharapong_Soponpa] [Watcharapong_Soponpa] executed "refresh"
[17:12:21][Watcharapong_Soponpa] [Watcharapong_Soponpa] executed "ensure mg_core"
[17:12:33][Watcharapong_Soponpa] [Watcharapong_Soponpa] executed "debugfulll"
[17:12:34][Watcharapong_Soponpa] [Watcharapong_Soponpa] executed "debugfull"
[17:14:42][Watcharapong_Soponpa] [Watcharapong_Soponpa] executed "ensure mg_core"
[17:14:45][Watcharapong_Soponpa] [Watcharapong_Soponpa] executed "debugfulll"
[17:14:47][Watcharapong_Soponpa] [Watcharapong_Soponpa] executed "debugfull"
[17:15:58][Watcharapong_Soponpa] [Watcharapong_Soponpa] executed "mg_cor"
[17:15:58][Watcharapong_Soponpa] [Watcharapong_Soponpa] executed "mg_core"
[17:16:01][Watcharapong_Soponpa] [Watcharapong_Soponpa] executed "ensure mg_core"
[17:16:03][Watcharapong_Soponpa] [Watcharapong_Soponpa] executed "debugfull"
[17:18:09][Watcharapong_Soponpa] [Watcharapong_Soponpa] executed "ensure mg_core"
[17:18:10][Watcharapong_Soponpa] [Watcharapong_Soponpa] executed "debugfull"
================================================================
======== txAdmin v8.0.1 atop fxserver 25770 Starting - 18/4/2569 17:43:29
================================================================
================================================================
======== txAdmin v8.0.1 atop fxserver 25770 Starting - 18/4/2569 17:44:24
================================================================
================================================================
======== txAdmin v8.0.1 atop fxserver 25770 Starting - 18/4/2569 17:46:36
================================================================
================================================================
======== txAdmin v8.0.1 atop fxserver 25770 Starting - 18/4/2569 17:47:11
================================================================
================================================================
======== txAdmin v8.0.1 atop fxserver 25770 Starting - 18/4/2569 17:47:24
================================================================
================================================================
======== txAdmin v8.0.1 atop fxserver 25770 Starting - 18/4/2569 17:47:58
================================================================
================================================================
======== txAdmin v8.0.1 atop fxserver 25770 Starting - 18/4/2569 17:48:36
================================================================
================================================================
======== txAdmin v8.0.1 atop fxserver 25770 Starting - 18/4/2569 17:50:06
================================================================
================================================================
======== txAdmin v8.0.1 atop fxserver 25770 Starting - 18/4/2569 17:51:23
================================================================
================================================================
======== txAdmin v8.0.1 atop fxserver 25770 Starting - 18/4/2569 17:51:58
================================================================
================================================================
======== txAdmin v8.0.1 atop fxserver 25770 Starting - 18/4/2569 18:06:23
================================================================
================================================================
======== txAdmin v8.0.1 atop fxserver 25770 Starting - 18/4/2569 18:06:37
================================================================
[18:11:47][Watcharapong_Soponpa] logged in from 127.0.0.1 via cfxre
[18:11:50][Watcharapong_Soponpa] [Watcharapong_Soponpa] executed "ensure core"
