║             TXADMIN║ ================================================================
║             TXADMIN║ ======== [18864] FXServer Starting - 3/4/2569 18:58:51          
║             TXADMIN║ ================================================================
[           resources] Scanning resources.
[           resources] Found 25 resources.
[          svadhesive] Authenticating server license key...
[          svadhesive] Server license key authentication succeeded. Welcome!
[    c-scripting-core] Creating script environments for monitor
[      script:monitor] [txAdmin] Resource v8.0.1 threads and commands set up. All Ready.
[           resources] Started resource monitor
[    c-scripting-core] Creating script environments for mapmanager
[           resources] Started resource mapmanager
[    c-scripting-core] Creating script environments for chat
[           resources] Started resource chat
[           resources] Started resource spawnmanager
[    c-scripting-core] Creating script environments for sessionmanager
[           resources] Started resource sessionmanager
[   script:mapmanager] Started gametype Freeroam
[           resources] Started resource basic-gamemode
[    c-scripting-core] Creating script environments for hardcap
[           resources] Started resource hardcap
[   script:mapmanager] Started map fivem-map-hipster
[           resources] Started resource fivem-map-hipster
[ citizen-server-impl]         fff                          
[ citizen-server-impl]   cccc ff   xx  xx     rr rr    eee  
[ citizen-server-impl] cc     ffff   xx       rrr  r ee   e 
[ citizen-server-impl] cc     ff     xx   ... rr     eeeee  
[ citizen-server-impl]  ccccc ff   xx  xx ... rr      eeeee 
[ citizen-server-impl]                                      
[ citizen-server-impl] Authenticated with cfx.re Nucleus: https://watcharapong-soponpa-dxyb4d.users.cfx.re/
║             TXADMIN║ ================================================================
║             TXADMIN║ ======== [24060] FXServer Starting - 3/4/2569 18:59:08          
║             TXADMIN║ ================================================================
[           resources] Scanning resources.
[           resources] Found 25 resources.
[          svadhesive] Authenticating server license key...
[          svadhesive] Server license key authentication succeeded. Welcome!
[    c-scripting-core] Creating script environments for monitor
[      script:monitor] [txAdmin] Resource v8.0.1 threads and commands set up. All Ready.
[           resources] Started resource monitor
[    c-scripting-core] Creating script environments for mapmanager
[           resources] Started resource mapmanager
[    c-scripting-core] Creating script environments for chat
[           resources] Started resource chat
[           resources] Started resource spawnmanager
[    c-scripting-core] Creating script environments for sessionmanager
[           resources] Started resource sessionmanager
[   script:mapmanager] Started gametype Freeroam
[           resources] Started resource basic-gamemode
[    c-scripting-core] Creating script environments for hardcap
[           resources] Started resource hardcap
[   script:mapmanager] Started map fivem-map-hipster
[           resources] Started resource fivem-map-hipster
[ citizen-server-impl]         fff                          
[ citizen-server-impl]   cccc ff   xx  xx     rr rr    eee  
[ citizen-server-impl] cc     ffff   xx       rrr  r ee   e 
[ citizen-server-impl] cc     ff     xx   ... rr     eeeee  
[ citizen-server-impl]  ccccc ff   xx  xx ... rr      eeeee 
[ citizen-server-impl]                                      
[ citizen-server-impl] Authenticated with cfx.re Nucleus: https://watcharapong-soponpa-dxyb4d.users.cfx.re/
[      script:hardcap] Connecting: Brain
[ citizen-server-impl] Server list query returned an error: server request failed: server request failed for endpoint https://223.206.250.253:30120/info.json (Get "https://223.206.250.253:30120/info.json": context deadline exceeded (Client.Timeout exceeded while awaiting headers))
[ citizen-server-impl] Server list query returned an error: server request failed: server request failed for endpoint https://223.206.250.253:30120/info.json (Get "https://223.206.250.253:30120/info.json": context deadline exceeded (Client.Timeout exceeded while awaiting headers))
║             TXADMIN║ ================================================================
║             TXADMIN║ ======== [22728] FXServer Starting - 3/4/2569 19:13:20          
║             TXADMIN║ ================================================================
[           resources] Scanning resources.
[           resources] Found 25 resources.
[          svadhesive] Authenticating server license key...
[          svadhesive] Server license key authentication succeeded. Welcome!
[    c-scripting-core] Creating script environments for monitor
[      script:monitor] [txAdmin] Resource v8.0.1 threads and commands set up. All Ready.
[           resources] Started resource monitor
[           resources] Started resource spawnmanager
[           resources] Started resource basic-gamemode
[    c-scripting-core] Creating script environments for hardcap
[           resources] Started resource hardcap
[ citizen-server-impl]         fff                          
[ citizen-server-impl]   cccc ff   xx  xx     rr rr    eee  
[ citizen-server-impl] cc     ffff   xx       rrr  r ee   e 
[ citizen-server-impl] cc     ff     xx   ... rr     eeeee  
[ citizen-server-impl]  ccccc ff   xx  xx ... rr      eeeee 
[ citizen-server-impl]                                      
[ citizen-server-impl] Authenticated with cfx.re Nucleus: https://watcharapong-soponpa-dxyb4d.users.cfx.re/
[      script:hardcap] Connecting: Brain
[ citizen-server-impl] Server list query returned an error: server request failed: server request failed for endpoint https://223.206.250.253:30120/dynamic.json (Get "https://223.206.250.253:30120/dynamic.json": context deadline exceeded (Client.Timeout exceeded while awaiting headers))
║             TXADMIN║ ================================================================
║             TXADMIN║ ======== [31100] FXServer Starting - 3/4/2569 19:15:21          
║             TXADMIN║ ================================================================
[           resources] Scanning resources.
[           resources] Found 25 resources.
[          svadhesive] Authenticating server license key...
[          svadhesive] Server license key authentication succeeded. Welcome!
[    c-scripting-core] Creating script environments for monitor
[      script:monitor] [txAdmin] Resource v8.0.1 threads and commands set up. All Ready.
[           resources] Started resource monitor
[    c-scripting-core] Creating script environments for mapmanager
[           resources] Started resource mapmanager
[           resources] Started resource spawnmanager
[   script:mapmanager] Started gametype Freeroam
[           resources] Started resource basic-gamemode
[    c-scripting-core] Creating script environments for hardcap
[           resources] Started resource hardcap
[   script:mapmanager] Started map fivem-map-hipster
[           resources] Started resource fivem-map-hipster
[ citizen-server-impl]         fff                          
[ citizen-server-impl]   cccc ff   xx  xx     rr rr    eee  
[ citizen-server-impl] cc     ffff   xx       rrr  r ee   e 
[ citizen-server-impl] cc     ff     xx   ... rr     eeeee  
[ citizen-server-impl]  ccccc ff   xx  xx ... rr      eeeee 
[ citizen-server-impl]                                      
[ citizen-server-impl] Authenticated with cfx.re Nucleus: https://watcharapong-soponpa-dxyb4d.users.cfx.re/
[      script:hardcap] Connecting: Brain
[ citizen-server-impl] Server list query returned an error: server request failed: server request failed for endpoint https://223.206.250.253:30120/info.json (Get "https://223.206.250.253:30120/info.json": context deadline exceeded (Client.Timeout exceeded while awaiting headers))
[ citizen-server-impl] Server list query returned an error: server request failed: server request failed for endpoint https://223.206.250.253:30120/info.json (Get "https://223.206.250.253:30120/info.json": context deadline exceeded (Client.Timeout exceeded while awaiting headers))
[ citizen-server-impl] Server list query returned an error: server request failed: server request failed for endpoint https://223.206.250.253:30120/dynamic.json (Get "https://223.206.250.253:30120/dynamic.json": context deadline exceeded (Client.Timeout exceeded while awaiting headers))
[ citizen-server-impl] Server list query returned an error: server request failed: server request failed for endpoint https://223.206.250.253:30120/players.json (Get "https://223.206.250.253:30120/players.json": context deadline exceeded (Client.Timeout exceeded while awaiting headers))
[ citizen-server-impl] Server list query returned an error: server request failed: server request failed for endpoint https://223.206.250.253:30120/players.json (Get "https://223.206.250.253:30120/players.json": context deadline exceeded (Client.Timeout exceeded while awaiting headers))
