================================================================
======== txAdmin v8.0.1 atop fxserver 25770 Starting - 25/4/2569 10:59:32
================================================================
================================================================
======== Log Rotated - 25/4/2569 10:59:33                       
================================================================
[10:59:40] txAdmin: Logger started
[11:00:36] [xcaM7#1] Brain: joined with identifiers [steam:1100…23fe, license:7030…9bdb, xbl:2535…7315, live:1829…8168, discord:1067…0976, fivem:370382, license2:5c7c…1af6]
[11:02:57] [xcaM7#1] Brain: disconnected (Exiting)
================================================================
======== txAdmin v8.0.1 atop fxserver 25770 Starting - 25/4/2569 11:18:00
================================================================
[11:18:06] txAdmin: Logger started
[11:18:47] [9pmky#1] Brain: joined with identifiers [steam:1100…23fe, license:7030…9bdb, xbl:2535…7315, live:1829…8168, discord:1067…0976, fivem:370382, license2:5c7c…1af6]
[11:24:50] [9pmky#1] Brain: disconnected (Exiting)
================================================================
======== txAdmin v8.0.1 atop fxserver 25770 Starting - 25/4/2569 11:31:40
================================================================
[11:31:48] txAdmin: Logger started
[11:33:30] [jCBML#1] Brain: joined with identifiers [steam:1100…23fe, license:7030…9bdb, xbl:2535…7315, live:1829…8168, discord:1067…0976, fivem:370382, license2:5c7c…1af6]
[11:36:14] [jCBML#1] Brain: disconnected (Exiting)
[12:08:51] txAdmin: Logger started
[12:30:47] [DmDgn#1] Brain: joined with identifiers [steam:1100…23fe, license:7030…9bdb, xbl:2535…7315, live:1829…8168, discord:1067…0976, fivem:370382, license2:5c7c…1af6]
[12:32:24] [DmDgn#1] Brain: disconnected (Exiting)
[12:32:56] [DmDgn#2] Brain: joined with identifiers [steam:1100…23fe, license:7030…9bdb, xbl:2535…7315, live:1829…8168, discord:1067…0976, fivem:370382, license2:5c7c…1af6]
[12:48:02] [DmDgn#2] Brain: disconnected (Exiting)
