================================================================
======== txAdmin v8.0.1 atop fxserver 25770 Starting - 3/4/2569 18:55:19
================================================================
[18:58:53] txAdmin: Logger started
================================================================
======== txAdmin v8.0.1 atop fxserver 25770 Starting - 3/4/2569 18:59:08
================================================================
[18:59:10] txAdmin: Logger started
[19:00:21] [f37Qp#1] Brain: joined with identifiers [license:7030…9bdb, xbl:2535…7315, live:1829…8168, license2:5c7c…1af6]
[19:04:57] [f37Qp#1] Brain: said "/car xa"
[19:04:58] [f37Qp#1] Brain: said "/car xa21"
[19:05:30] [f37Qp#1] Brain: disconnected (Exiting)
================================================================
======== txAdmin v8.0.1 atop fxserver 25770 Starting - 3/4/2569 19:13:20
================================================================
[19:13:22] txAdmin: Logger started
[19:13:55] [3TDzF#1] Brain: joined with identifiers [license:7030…9bdb, xbl:2535…7315, live:1829…8168, license2:5c7c…1af6]
[19:14:38] [3TDzF#1] Brain: disconnected (Exiting)
================================================================
======== txAdmin v8.0.1 atop fxserver 25770 Starting - 3/4/2569 19:15:20
================================================================
[19:15:23] txAdmin: Logger started
[19:16:21] [Wcghw#1] Brain: joined with identifiers [license:7030…9bdb, xbl:2535…7315, live:1829…8168, license2:5c7c…1af6]
[19:26:04] [Wcghw#1] Brain: disconnected (Exiting)
