================================================================
======== txAdmin v8.0.1 atop fxserver 25770 Starting - 21/4/2569 10:08:56
================================================================
================================================================
======== Log Rotated - 21/4/2569 10:08:58                       
================================================================
[10:09:02] txAdmin: Logger started
================================================================
======== txAdmin v8.0.1 atop fxserver 25770 Starting - 21/4/2569 10:13:54
================================================================
[10:13:59] txAdmin: Logger started
================================================================
======== txAdmin v8.0.1 atop fxserver 25770 Starting - 21/4/2569 13:57:52
================================================================
[13:57:55] txAdmin: Logger started
[13:59:38] [ciHdm#1] Brain: joined with identifiers [steam:1100…23fe, license:7030…9bdb, xbl:2535…7315, live:1829…8168, discord:1067…0976, fivem:370382, license2:5c7c…1af6]
[14:00:24] [ciHdm#1] Brain: disconnected (Exiting)
[14:02:16] [ciHdm#2] Brain: joined with identifiers [steam:1100…23fe, license:7030…9bdb, xbl:2535…7315, live:1829…8168, discord:1067…0976, fivem:370382, license2:5c7c…1af6]
[14:04:03] [ciHdm#2] Brain: disconnected (Exiting)
[14:06:57] [ciHdm#3] Brain: joined with identifiers [steam:1100…23fe, license:7030…9bdb, xbl:2535…7315, live:1829…8168, discord:1067…0976, fivem:370382, license2:5c7c…1af6]
[14:07:42] [ciHdm#3] Brain: disconnected (Exiting)
[14:10:37] [ciHdm#4] Brain: joined with identifiers [steam:1100…23fe, license:7030…9bdb, xbl:2535…7315, live:1829…8168, discord:1067…0976, fivem:370382, license2:5c7c…1af6]
[14:21:56] [ciHdm#4] Brain: disconnected (Game crashed: GTA5_b3258.exe+7252AB)
[14:25:27] [ciHdm#5] Brain: joined with identifiers [steam:1100…23fe, license:7030…9bdb, xbl:2535…7315, live:1829…8168, discord:1067…0976, fivem:370382, license2:5c7c…1af6]
[14:29:59] [ciHdm#5] Brain: died from suicide (Falling)
[15:45:27] [ciHdm#5] Brain: disconnected (Exiting)
