================================================================
======== txAdmin v8.0.1 atop fxserver 25770 Starting - 19/4/2569 01:49:19
================================================================
================================================================
======== Log Rotated - 19/4/2569 01:49:21                       
================================================================
[01:49:25] txAdmin: Logger started
================================================================
======== txAdmin v8.0.1 atop fxserver 25770 Starting - 19/4/2569 01:55:02
================================================================
[01:55:05] txAdmin: Logger started
================================================================
======== txAdmin v8.0.1 atop fxserver 25770 Starting - 19/4/2569 16:25:49
================================================================
[16:25:55] txAdmin: Logger started
================================================================
======== txAdmin v8.0.1 atop fxserver 25770 Starting - 19/4/2569 17:04:02
================================================================
[17:04:04] txAdmin: Logger started
================================================================
======== txAdmin v8.0.1 atop fxserver 25770 Starting - 19/4/2569 18:35:45
================================================================
[18:35:48] txAdmin: Logger started
================================================================
======== txAdmin v8.0.1 atop fxserver 25770 Starting - 19/4/2569 18:36:20
================================================================
[18:36:23] txAdmin: Logger started
[22:48:40] [wKCFU#1] Brain: joined with identifiers [steam:1100…23fe, license:7030…9bdb, xbl:2535…7315, live:1829…8168, discord:1067…0976, license2:5c7c…1af6]
[22:48:43] [wKCFU#1] Brain: disconnected (Exiting)
================================================================
======== txAdmin v8.0.1 atop fxserver 25770 Starting - 19/4/2569 23:13:43
================================================================
[23:13:45] txAdmin: Logger started
================================================================
======== txAdmin v8.0.1 atop fxserver 25770 Starting - 19/4/2569 23:34:03
================================================================
[23:34:07] txAdmin: Logger started
