================================================================
======== txAdmin v8.0.1 atop fxserver 25770 Starting - 4/4/2569 12:41:14
================================================================
================================================================
======== Log Rotated - 4/4/2569 12:41:16                        
================================================================
[12:41:20] txAdmin: Logger started
================================================================
======== txAdmin v8.0.1 atop fxserver 25770 Starting - 4/4/2569 12:48:59
================================================================
[12:49:04] txAdmin: Logger started
[12:49:57] [jJ8mb#1] Brain: joined with identifiers [license:7030…9bdb, xbl:2535…7315, live:1829…8168, license2:5c7c…1af6]
[12:51:17] [jJ8mb#1] Brain: disconnected (Exiting)
================================================================
======== txAdmin v8.0.1 atop fxserver 25770 Starting - 4/4/2569 12:51:28
================================================================
[12:51:31] txAdmin: Logger started
[12:52:19] [bY89i#1] Brain: joined with identifiers [license:7030…9bdb, xbl:2535…7315, live:1829…8168, license2:5c7c…1af6]
================================================================
======== txAdmin v8.0.1 atop fxserver 25770 Starting - 4/4/2569 12:59:16
================================================================
================================================================
======== txAdmin v8.0.1 atop fxserver 25770 Starting - 4/4/2569 12:59:38
================================================================
[12:59:42] txAdmin: Logger started
================================================================
======== txAdmin v8.0.1 atop fxserver 25770 Starting - 4/4/2569 13:00:52
================================================================
[13:00:56] txAdmin: Logger started
[13:01:24] [qVAjJ#1] Brain: joined with identifiers [steam:1100…23fe, license:7030…9bdb, xbl:2535…7315, live:1829…8168, license2:5c7c…1af6]
[13:03:43] [qVAjJ#1] Brain: disconnected (Exiting)
================================================================
======== txAdmin v8.0.1 atop fxserver 25770 Starting - 4/4/2569 13:03:51
================================================================
[13:03:54] txAdmin: Logger started
[13:04:20] [ya8We#1] Brain: joined with identifiers [steam:1100…23fe, license:7030…9bdb, xbl:2535…7315, live:1829…8168, license2:5c7c…1af6]
[13:08:46] [ya8We#1] Brain: disconnected (Exiting)
================================================================
======== txAdmin v8.0.1 atop fxserver 25770 Starting - 4/4/2569 13:08:52
================================================================
[13:08:55] txAdmin: Logger started
[13:09:28] [AqYD8#1] Brain: joined with identifiers [steam:1100…23fe, license:7030…9bdb, xbl:2535…7315, live:1829…8168, license2:5c7c…1af6]
[13:10:27] [AqYD8#1] Brain: disconnected (Exiting)
================================================================
======== txAdmin v8.0.1 atop fxserver 25770 Starting - 4/4/2569 13:12:03
================================================================
[13:12:06] txAdmin: Logger started
================================================================
======== txAdmin v8.0.1 atop fxserver 25770 Starting - 4/4/2569 13:12:35
================================================================
[13:12:37] txAdmin: Logger started
[13:13:13] [jNycP#1] Brain: joined with identifiers [steam:1100…23fe, license:7030…9bdb, xbl:2535…7315, live:1829…8168, license2:5c7c…1af6]
[13:13:41] [jNycP#1] Brain: disconnected (Exiting)
[13:14:36] [jNycP#2] Brain: joined with identifiers [steam:1100…23fe, license:7030…9bdb, xbl:2535…7315, live:1829…8168, license2:5c7c…1af6]
[13:15:18] [jNycP#2] Brain: disconnected (Exiting)
[16:12:05] [jNycP#3] Brain: joined with identifiers [steam:1100…23fe, license:7030…9bdb, xbl:2535…7315, live:1829…8168, license2:5c7c…1af6]
[18:29:14] [jNycP#3] Brain: disconnected (Exiting)
