================================================================
======== txAdmin v8.0.1 atop fxserver 25770 Starting - 18/4/2569 00:03:38
================================================================
================================================================
======== Log Rotated - 18/4/2569 00:03:39                       
================================================================
[00:03:44] txAdmin: Logger started
================================================================
======== txAdmin v8.0.1 atop fxserver 25770 Starting - 18/4/2569 00:04:17
================================================================
[00:04:19] txAdmin: Logger started
================================================================
======== txAdmin v8.0.1 atop fxserver 25770 Starting - 18/4/2569 00:05:30
================================================================
[00:05:33] txAdmin: Logger started
================================================================
======== txAdmin v8.0.1 atop fxserver 25770 Starting - 18/4/2569 00:21:45
================================================================
[00:21:51] txAdmin: Logger started
================================================================
======== txAdmin v8.0.1 atop fxserver 25770 Starting - 18/4/2569 00:22:05
================================================================
[00:22:07] txAdmin: Logger started
================================================================
======== txAdmin v8.0.1 atop fxserver 25770 Starting - 18/4/2569 00:22:57
================================================================
[00:22:59] txAdmin: Logger started
================================================================
======== txAdmin v8.0.1 atop fxserver 25770 Starting - 18/4/2569 00:24:30
================================================================
[00:24:32] txAdmin: Logger started
================================================================
======== txAdmin v8.0.1 atop fxserver 25770 Starting - 18/4/2569 00:25:46
================================================================
[00:25:48] txAdmin: Logger started
================================================================
======== txAdmin v8.0.1 atop fxserver 25770 Starting - 18/4/2569 00:26:03
================================================================
[00:26:06] txAdmin: Logger started
================================================================
======== txAdmin v8.0.1 atop fxserver 25770 Starting - 18/4/2569 00:26:26
================================================================
================================================================
======== txAdmin v8.0.1 atop fxserver 25770 Starting - 18/4/2569 00:26:36
================================================================
[00:26:38] txAdmin: Logger started
================================================================
======== txAdmin v8.0.1 atop fxserver 25770 Starting - 18/4/2569 00:30:00
================================================================
[00:30:03] txAdmin: Logger started
================================================================
======== txAdmin v8.0.1 atop fxserver 25770 Starting - 18/4/2569 00:30:58
================================================================
[00:31:00] txAdmin: Logger started
================================================================
======== txAdmin v8.0.1 atop fxserver 25770 Starting - 18/4/2569 00:31:53
================================================================
[00:31:56] txAdmin: Logger started
================================================================
======== txAdmin v8.0.1 atop fxserver 25770 Starting - 18/4/2569 00:33:22
================================================================
[00:33:24] txAdmin: Logger started
================================================================
======== txAdmin v8.0.1 atop fxserver 25770 Starting - 18/4/2569 01:08:34
================================================================
[01:08:39] txAdmin: Logger started
================================================================
======== txAdmin v8.0.1 atop fxserver 25770 Starting - 18/4/2569 01:09:27
================================================================
[01:09:30] txAdmin: Logger started
================================================================
======== txAdmin v8.0.1 atop fxserver 25770 Starting - 18/4/2569 01:13:13
================================================================
[01:13:16] txAdmin: Logger started
================================================================
======== txAdmin v8.0.1 atop fxserver 25770 Starting - 18/4/2569 01:13:56
================================================================
[01:13:59] txAdmin: Logger started
================================================================
======== txAdmin v8.0.1 atop fxserver 25770 Starting - 18/4/2569 01:14:30
================================================================
[01:14:33] txAdmin: Logger started
================================================================
======== txAdmin v8.0.1 atop fxserver 25770 Starting - 18/4/2569 01:17:27
================================================================
[01:17:30] txAdmin: Logger started
================================================================
======== txAdmin v8.0.1 atop fxserver 25770 Starting - 18/4/2569 01:18:21
================================================================
[01:18:24] txAdmin: Logger started
================================================================
======== txAdmin v8.0.1 atop fxserver 25770 Starting - 18/4/2569 01:39:42
================================================================
[01:39:45] txAdmin: Logger started
================================================================
======== txAdmin v8.0.1 atop fxserver 25770 Starting - 18/4/2569 01:41:05
================================================================
[01:41:08] txAdmin: Logger started
================================================================
======== txAdmin v8.0.1 atop fxserver 25770 Starting - 18/4/2569 01:41:20
================================================================
[01:41:23] txAdmin: Logger started
================================================================
======== txAdmin v8.0.1 atop fxserver 25770 Starting - 18/4/2569 01:43:17
================================================================
[01:43:19] txAdmin: Logger started
================================================================
======== txAdmin v8.0.1 atop fxserver 25770 Starting - 18/4/2569 01:43:31
================================================================
[01:43:33] txAdmin: Logger started
================================================================
======== txAdmin v8.0.1 atop fxserver 25770 Starting - 18/4/2569 13:01:44
================================================================
[13:01:50] txAdmin: Logger started
================================================================
======== txAdmin v8.0.1 atop fxserver 25770 Starting - 18/4/2569 13:02:05
================================================================
[13:02:07] txAdmin: Logger started
================================================================
======== txAdmin v8.0.1 atop fxserver 25770 Starting - 18/4/2569 13:10:17
================================================================
[13:10:21] txAdmin: Logger started
================================================================
======== txAdmin v8.0.1 atop fxserver 25770 Starting - 18/4/2569 17:05:37
================================================================
[17:05:40] txAdmin: Logger started
================================================================
======== txAdmin v8.0.1 atop fxserver 25770 Starting - 18/4/2569 17:05:49
================================================================
[17:05:51] txAdmin: Logger started
[17:06:58] [HENar#1] Brain: joined with identifiers [steam:1100…23fe, license:7030…9bdb, xbl:2535…7315, live:1829…8168, license2:5c7c…1af6]
[17:07:01] [HENar#1] Brain: disconnected (Exiting)
================================================================
======== txAdmin v8.0.1 atop fxserver 25770 Starting - 18/4/2569 17:10:06
================================================================
[17:10:09] txAdmin: Logger started
[17:10:59] [4BrVj#1] Brain: joined with identifiers [steam:1100…23fe, license:7030…9bdb, xbl:2535…7315, live:1829…8168, discord:1067…0976, license2:5c7c…1af6]
[17:11:02] [4BrVj#1] Brain: disconnected (Exiting)
[17:13:17] [4BrVj#2] Brain: joined with identifiers [steam:1100…23fe, license:7030…9bdb, xbl:2535…7315, live:1829…8168, discord:1067…0976, license2:5c7c…1af6]
[17:13:22] [4BrVj#2] Brain: disconnected (Exiting)
[17:15:18] [4BrVj#3] Brain: joined with identifiers [steam:1100…23fe, license:7030…9bdb, xbl:2535…7315, live:1829…8168, discord:1067…0976, license2:5c7c…1af6]
[17:15:30] [4BrVj#3] Brain: disconnected (Exiting)
================================================================
======== txAdmin v8.0.1 atop fxserver 25770 Starting - 18/4/2569 17:43:29
================================================================
[17:43:32] txAdmin: Logger started
================================================================
======== txAdmin v8.0.1 atop fxserver 25770 Starting - 18/4/2569 17:44:24
================================================================
[17:44:27] txAdmin: Logger started
================================================================
======== txAdmin v8.0.1 atop fxserver 25770 Starting - 18/4/2569 17:46:36
================================================================
[17:46:39] txAdmin: Logger started
================================================================
======== txAdmin v8.0.1 atop fxserver 25770 Starting - 18/4/2569 17:47:11
================================================================
[17:47:13] txAdmin: Logger started
================================================================
======== txAdmin v8.0.1 atop fxserver 25770 Starting - 18/4/2569 17:47:24
================================================================
[17:47:26] txAdmin: Logger started
================================================================
======== txAdmin v8.0.1 atop fxserver 25770 Starting - 18/4/2569 17:47:58
================================================================
[17:48:01] txAdmin: Logger started
================================================================
======== txAdmin v8.0.1 atop fxserver 25770 Starting - 18/4/2569 17:48:36
================================================================
[17:48:38] txAdmin: Logger started
================================================================
======== txAdmin v8.0.1 atop fxserver 25770 Starting - 18/4/2569 17:50:06
================================================================
[17:50:09] txAdmin: Logger started
================================================================
======== txAdmin v8.0.1 atop fxserver 25770 Starting - 18/4/2569 17:51:23
================================================================
[17:51:26] txAdmin: Logger started
================================================================
======== txAdmin v8.0.1 atop fxserver 25770 Starting - 18/4/2569 17:51:58
================================================================
[17:52:00] txAdmin: Logger started
================================================================
======== txAdmin v8.0.1 atop fxserver 25770 Starting - 18/4/2569 18:06:23
================================================================
[18:06:26] txAdmin: Logger started
================================================================
======== txAdmin v8.0.1 atop fxserver 25770 Starting - 18/4/2569 18:06:37
================================================================
[18:06:40] txAdmin: Logger started
