================================================================
======== txAdmin v8.0.1 atop fxserver 25770 Starting - 24/4/2569 13:57:36
================================================================
================================================================
======== Log Rotated - 24/4/2569 13:57:37                       
================================================================
[13:58:04] txAdmin: Logger started
[14:00:02] [7V8Ra#1] Brain: joined with identifiers [steam:1100…23fe, license:7030…9bdb, xbl:2535…7315, live:1829…8168, discord:1067…0976, fivem:370382, license2:5c7c…1af6]
================================================================
======== txAdmin v8.0.1 atop fxserver 25770 Starting - 24/4/2569 14:57:51
================================================================
[14:57:57] txAdmin: Logger started
[14:59:21] [hQXer#1] Brain: joined with identifiers [steam:1100…23fe, license:7030…9bdb, xbl:2535…7315, live:1829…8168, discord:1067…0976, fivem:370382, license2:5c7c…1af6]
[15:25:55] txAdmin: Logger started
[15:28:33] [DJkWd#1] Brain: joined with identifiers [steam:1100…23fe, license:7030…9bdb, xbl:2535…7315, live:1829…8168, discord:1067…0976, fivem:370382, license2:5c7c…1af6]
[18:03:51] txAdmin: Logger started
================================================================
======== txAdmin v8.0.1 atop fxserver 25770 Starting - 24/4/2569 22:15:02
================================================================
[22:15:08] txAdmin: Logger started
[22:16:00] [VwJmT#1] Brain: joined with identifiers [steam:1100…23fe, license:7030…9bdb, xbl:2535…7315, live:1829…8168, discord:1067…0976, fivem:370382, license2:5c7c…1af6]
[22:17:23] [VwJmT#1] Brain: disconnected (Exiting)
================================================================
======== txAdmin v8.0.1 atop fxserver 25770 Starting - 24/4/2569 22:34:03
================================================================
[22:34:06] txAdmin: Logger started
[22:34:57] [4pn3K#1] Brain: joined with identifiers [steam:1100…23fe, license:7030…9bdb, xbl:2535…7315, live:1829…8168, discord:1067…0976, fivem:370382, license2:5c7c…1af6]
[22:35:35] [4pn3K#1] Brain: disconnected (Exiting)
================================================================
======== txAdmin v8.0.1 atop fxserver 25770 Starting - 24/4/2569 22:42:37
================================================================
[22:42:40] txAdmin: Logger started
[22:43:16] [7hRqY#1] Brain: joined with identifiers [steam:1100…23fe, license:7030…9bdb, xbl:2535…7315, live:1829…8168, discord:1067…0976, fivem:370382, license2:5c7c…1af6]
[22:44:06] [7hRqY#1] Brain: disconnected (Exiting)
