================================================================
======== txAdmin v8.0.1 atop fxserver 25770 Starting - 22/4/2569 15:59:27
================================================================
================================================================
======== Log Rotated - 22/4/2569 15:59:28                       
================================================================
[15:59:34] txAdmin: Logger started
[15:59:57] [EPVNQ#1] Brain: joined with identifiers [steam:1100…23fe, license:7030…9bdb, xbl:2535…7315, live:1829…8168, discord:1067…0976, fivem:370382, license2:5c7c…1af6]
[16:01:48] [EPVNQ#1] Brain: died from suicide (Falling)
[16:02:18] [EPVNQ#1] Brain: died from suicide (Falling)
[16:02:42] [EPVNQ#1] Brain: died from suicide (Falling)
[16:03:48] [EPVNQ#1] Brain: died from suicide (Falling)
[16:04:19] [EPVNQ#1] Brain: died from suicide (Falling)
[16:04:49] [EPVNQ#1] Brain: died from suicide (Falling)
[16:05:19] [EPVNQ#1] Brain: died from suicide (Falling)
[16:05:56] [EPVNQ#1] Brain: died from suicide (Falling)
[16:06:11] [EPVNQ#1] Brain: died from suicide (Falling)
[16:06:17] [EPVNQ#1] Brain: died from suicide (Falling)
[16:07:05] [EPVNQ#1] Brain: died from suicide (Falling)
[16:08:08] [EPVNQ#1] Brain: died from suicide (Falling)
[16:08:12] [EPVNQ#1] Brain: died from suicide (Falling)
[16:08:14] [EPVNQ#1] Brain: died from suicide (Falling)
[16:08:30] [EPVNQ#1] Brain: died from suicide (Falling)
[16:08:32] [EPVNQ#1] Brain: died from suicide (Falling)
[16:08:36] [EPVNQ#1] Brain: died from suicide (Falling)
[16:08:43] [EPVNQ#1] Brain: died from suicide (Falling)
[16:13:49] [EPVNQ#1] Brain: died from suicide (Falling)
[18:26:32] [EPVNQ#1] Brain: disconnected (Exiting)
================================================================
======== txAdmin v8.0.1 atop fxserver 25770 Starting - 22/4/2569 21:22:17
================================================================
[21:22:21] txAdmin: Logger started
[21:23:09] [iwfMe#1] Brain: joined with identifiers [steam:1100…23fe, license:7030…9bdb, xbl:2535…7315, live:1829…8168, discord:1067…0976, fivem:370382, license2:5c7c…1af6]
[21:25:54] [iwfMe#1] Brain: disconnected (Exiting)
================================================================
======== txAdmin v8.0.1 atop fxserver 25770 Starting - 22/4/2569 21:27:44
================================================================
[21:27:48] txAdmin: Logger started
[21:28:15] [Kqcrp#1] Brain: joined with identifiers [steam:1100…23fe, license:7030…9bdb, xbl:2535…7315, live:1829…8168, discord:1067…0976, fivem:370382, license2:5c7c…1af6]
[21:29:35] [Kqcrp#1] Brain: disconnected (Server->client connection timed out. Last seen 55 msec ago.)
[21:30:17] [Kqcrp#2] Brain: joined with identifiers [steam:1100…23fe, license:7030…9bdb, xbl:2535…7315, live:1829…8168, discord:1067…0976, fivem:370382, license2:5c7c…1af6]
[21:30:53] [Kqcrp#2] Brain: disconnected (Exiting)
[21:32:35] [Kqcrp#3] Brain: joined with identifiers [steam:1100…23fe, license:7030…9bdb, xbl:2535…7315, live:1829…8168, discord:1067…0976, fivem:370382, license2:5c7c…1af6]
[21:40:11] [Kqcrp#3] Brain: turned show player IDs on
[21:40:52] [Kqcrp#3] Brain: died from suicide (Ranover by Vehicle)
[21:41:17] [Kqcrp#3] Brain: disconnected (Exiting)
